<?xml version="1.0" encoding="UTF-8"?>
<testng-results skipped="0" failed="0" total="1" passed="1">
  <reporter-output>
  </reporter-output>
  <suite name="Default suite" duration-ms="24062" started-at="2019-08-30T09:50:30Z" finished-at="2019-08-30T09:50:54Z">
    <groups>
    </groups>
    <test name="Default test" duration-ms="24062" started-at="2019-08-30T09:50:30Z" finished-at="2019-08-30T09:50:54Z">
      <class name="pomTest.MyTest">
        <test-method status="PASS" signature="validateLogin()[pri:0, instance:pomTest.MyTest@649d209a]" name="validateLogin" duration-ms="24042" started-at="2019-08-30T15:20:30Z" finished-at="2019-08-30T15:20:54Z">
          <reporter-output>
          </reporter-output>
        </test-method> <!-- validateLogin -->
      </class> <!-- pomTest.MyTest -->
    </test> <!-- Default test -->
  </suite> <!-- Default suite -->
</testng-results>
